Grammar

    0 $accept: start $end

    1 start: stmts

    2 stmts: stmts stmt
    3      | stmt

    4 stmt: var_declaration ';'
    5     | array_declaration ';'
    6     | const_declaration ';'
    7     | function_declaration
    8     | container_declaration
    9     | main_function

   10 main_function: VOID MAIN '(' ')' '{' fun_body '}'

   11 container_declaration: CONTAINER '{' container_body '}' IDENTIFIER ';'

   12 container_body: container_elements
   13               | container_body container_elements

   14 container_elements: var_declaration ';'
   15                   | function_declaration

   16 function_declaration: FUN return_type IDENTIFIER '(' fun_params ')' '{' fun_body '}'
   17                     | FUN return_type IDENTIFIER '(' ')' '{' fun_body '}'

   18 return_type: types
   19            | VOID

   20 fun_params: parameter
   21           | fun_params ',' parameter

   22 parameter: types IDENTIFIER

   23 types: INT
   24      | FLOAT
   25      | CHAR
   26      | STRING
   27      | BOOL

   28 fun_body: code_block
   29         | fun_body code_block

   30 code_block: var_declaration ';'
   31           | array_declaration ';'
   32           | array_assignment ';'
   33           | const_declaration ';'
   34           | call_function ';'
   35           | var_assignment ';'
   36           | container_assignment ';'
   37           | container_function ';'
   38           | if_statement
   39           | while_statement
   40           | for_statement

   41 if_statement: IF '(' expression ')' '{' code_block '}'
   42             | IF '(' expression ')' '{' code_block '}' ELSE '{' code_block '}'

   43 while_statement: WHILE '(' expression ')' '{' code_block '}'

   44 for_statement: FOR '(' var_assignment ';' expression ';' var_assignment ')' '{' code_block '}'

   45 var_assignment: IDENTIFIER '=' expression

   46 array_declaration: ARR types IDENTIFIER '[' INT_CONST ']' '=' '{' array_list '}'
   47                  | ARR types IDENTIFIER '[' INT_CONST ']'

   48 array_list: array_list_int
   49           | array_list_float
   50           | array_list_char
   51           | array_list_string
   52           | array_list_bool
   53           | %empty

   54 array_assignment: array_val '=' expression

   55 array_list_int: array_list_int ',' INT_CONST
   56               | INT_CONST

   57 array_list_float: array_list_float ',' FLOAT_CONST
   58                 | FLOAT_CONST

   59 array_list_char: array_list_char ',' CHAR_CONST
   60                | CHAR_CONST

   61 array_list_string: array_list_string ',' STR_CONST
   62                  | STR_CONST

   63 array_list_bool: array_list_bool ',' TRUE
   64                | array_list_bool ',' FALSE
   65                | TRUE
   66                | FALSE

   67 array_val: IDENTIFIER '[' INT_CONST ']'

   68 get_container_elem: IDENTIFIER ACCES IDENTIFIER

   69 container_assignment: get_container_elem '=' expression

   70 container_function: get_container_elem '(' call_params ')'

   71 var_declaration: VAR types IDENTIFIER
   72                | VAR types IDENTIFIER '=' expression

   73 const_declaration: CONST types IDENTIFIER '=' expression

   74 call_function: CALL IDENTIFIER '(' call_params ')'
   75              | CALL IDENTIFIER '(' ')'
   76              | CALL eval_function

   77 eval_function: EVAL '(' expression ')'

   78 call_params: call_param
   79            | call_params ',' call_param

   80 call_param: call_function
   81           | expression

   82 expression: IDENTIFIER
   83           | get_container_elem
   84           | array_val
   85           | INT_CONST
   86           | FLOAT_CONST
   87           | '(' expression ')'
   88           | expression '+' expression
   89           | expression '-' expression
   90           | expression '*' expression
   91           | expression '/' expression
   92           | expression '%' expression
   93           | '-' expression
   94           | TRUE
   95           | FALSE
   96           | expression LT expression
   97           | expression GT expression
   98           | expression LTE expression
   99           | expression GTE expression
  100           | expression EQUALITY expression
  101           | expression INEQUALITY
  102           | expression AND expression
  103           | expression OR expression
  104           | '!' expression
  105           | CHAR_CONST
  106           | STR_CONST


Terminals, with rules where they appear

    $end (0) 0
    '!' (33) 104
    '%' (37) 92
    '(' (40) 10 16 17 41 42 43 44 70 74 75 77 87
    ')' (41) 10 16 17 41 42 43 44 70 74 75 77 87
    '*' (42) 90
    '+' (43) 88
    ',' (44) 21 55 57 59 61 63 64 79
    '-' (45) 89 93
    '/' (47) 91
    ';' (59) 4 5 6 11 14 30 31 32 33 34 35 36 37 44
    '=' (61) 45 46 54 69 72 73
    '[' (91) 46 47 67
    ']' (93) 46 47 67
    '{' (123) 10 11 16 17 41 42 43 44 46
    '}' (125) 10 11 16 17 41 42 43 44 46
    error (256)
    CONTAINER (258) 11
    EVAL (259) 77
    CONST (260) 73
    FUN (261) 16 17
    VAR (262) 71 72
    CALL (263) 74 75 76
    IF (264) 41 42
    ELSE (265) 42
    WHILE (266) 43
    FOR (267) 44
    INT (268) 23
    FLOAT (269) 24
    CHAR (270) 25
    STRING (271) 26
    BOOL (272) 27
    VOID (273) 10 19
    ARR (274) 46 47
    MAIN (275) 10
    IDENTIFIER <varId> (276) 11 16 17 22 45 46 47 67 68 71 72 73 74 75 82
    INT_CONST <intVal> (277) 46 47 55 56 67 85
    FLOAT_CONST <floatVal> (278) 57 58 86
    CHAR_CONST <charVal> (279) 59 60 105
    STR_CONST <stringVal> (280) 61 62 106
    TRUE <boolVal> (281) 63 65 94
    FALSE <boolVal> (282) 64 66 95
    AND (283) 102
    OR (284) 103
    EQUALITY (285) 100
    INEQUALITY (286) 101
    LT (287) 96
    GT (288) 97
    LTE (289) 98
    GTE (290) 99
    NEG (291)
    ACCES (292) 68
    THEN (293)


Nonterminals, with rules where they appear

    $accept (54)
        on left: 0
    start (55)
        on left: 1
        on right: 0
    stmts (56)
        on left: 2 3
        on right: 1 2
    stmt (57)
        on left: 4 5 6 7 8 9
        on right: 2 3
    main_function (58)
        on left: 10
        on right: 9
    container_declaration (59)
        on left: 11
        on right: 8
    container_body (60)
        on left: 12 13
        on right: 11 13
    container_elements (61)
        on left: 14 15
        on right: 12 13
    function_declaration (62)
        on left: 16 17
        on right: 7 15
    return_type (63)
        on left: 18 19
        on right: 16 17
    fun_params (64)
        on left: 20 21
        on right: 16 21
    parameter (65)
        on left: 22
        on right: 20 21
    types (66)
        on left: 23 24 25 26 27
        on right: 18 22 46 47 71 72 73
    fun_body (67)
        on left: 28 29
        on right: 10 16 17 29
    code_block (68)
        on left: 30 31 32 33 34 35 36 37 38 39 40
        on right: 28 29 41 42 43 44
    if_statement (69)
        on left: 41 42
        on right: 38
    while_statement (70)
        on left: 43
        on right: 39
    for_statement (71)
        on left: 44
        on right: 40
    var_assignment (72)
        on left: 45
        on right: 35 44
    array_declaration (73)
        on left: 46 47
        on right: 5 31
    array_list (74)
        on left: 48 49 50 51 52 53
        on right: 46
    array_assignment (75)
        on left: 54
        on right: 32
    array_list_int (76)
        on left: 55 56
        on right: 48 55
    array_list_float (77)
        on left: 57 58
        on right: 49 57
    array_list_char (78)
        on left: 59 60
        on right: 50 59
    array_list_string (79)
        on left: 61 62
        on right: 51 61
    array_list_bool (80)
        on left: 63 64 65 66
        on right: 52 63 64
    array_val (81)
        on left: 67
        on right: 54 84
    get_container_elem (82)
        on left: 68
        on right: 69 70 83
    container_assignment (83)
        on left: 69
        on right: 36
    container_function (84)
        on left: 70
        on right: 37
    var_declaration (85)
        on left: 71 72
        on right: 4 14 30
    const_declaration (86)
        on left: 73
        on right: 6 33
    call_function (87)
        on left: 74 75 76
        on right: 34 80
    eval_function (88)
        on left: 77
        on right: 76
    call_params (89)
        on left: 78 79
        on right: 70 74 79
    call_param (90)
        on left: 80 81
        on right: 78 79
    expression (91)
        on left: 82 83 84 85 86 87 88 89 90 91 92 93 94 95 96 97 98 99 100 101 102 103 104 105 106
        on right: 41 42 43 44 45 54 69 72 73 77 81 87 88 89 90 91 92 93 96 97 98 99 100 101 102 103 104


State 0

    0 $accept: . start $end

    CONTAINER  shift, and go to state 1
    CONST      shift, and go to state 2
    FUN        shift, and go to state 3
    VAR        shift, and go to state 4
    VOID       shift, and go to state 5
    ARR        shift, and go to state 6

    start                  go to state 7
    stmts                  go to state 8
    stmt                   go to state 9
    main_function          go to state 10
    container_declaration  go to state 11
    function_declaration   go to state 12
    array_declaration      go to state 13
    var_declaration        go to state 14
    const_declaration      go to state 15


State 1

   11 container_declaration: CONTAINER . '{' container_body '}' IDENTIFIER ';'

    '{'  shift, and go to state 16


State 2

   73 const_declaration: CONST . types IDENTIFIER '=' expression

    INT     shift, and go to state 17
    FLOAT   shift, and go to state 18
    CHAR    shift, and go to state 19
    STRING  shift, and go to state 20
    BOOL    shift, and go to state 21

    types  go to state 22


State 3

   16 function_declaration: FUN . return_type IDENTIFIER '(' fun_params ')' '{' fun_body '}'
   17                     | FUN . return_type IDENTIFIER '(' ')' '{' fun_body '}'

    INT     shift, and go to state 17
    FLOAT   shift, and go to state 18
    CHAR    shift, and go to state 19
    STRING  shift, and go to state 20
    BOOL    shift, and go to state 21
    VOID    shift, and go to state 23

    return_type  go to state 24
    types        go to state 25


State 4

   71 var_declaration: VAR . types IDENTIFIER
   72                | VAR . types IDENTIFIER '=' expression

    INT     shift, and go to state 17
    FLOAT   shift, and go to state 18
    CHAR    shift, and go to state 19
    STRING  shift, and go to state 20
    BOOL    shift, and go to state 21

    types  go to state 26


State 5

   10 main_function: VOID . MAIN '(' ')' '{' fun_body '}'

    MAIN  shift, and go to state 27


State 6

   46 array_declaration: ARR . types IDENTIFIER '[' INT_CONST ']' '=' '{' array_list '}'
   47                  | ARR . types IDENTIFIER '[' INT_CONST ']'

    INT     shift, and go to state 17
    FLOAT   shift, and go to state 18
    CHAR    shift, and go to state 19
    STRING  shift, and go to state 20
    BOOL    shift, and go to state 21

    types  go to state 28


State 7

    0 $accept: start . $end

    $end  shift, and go to state 29


State 8

    1 start: stmts .
    2 stmts: stmts . stmt

    CONTAINER  shift, and go to state 1
    CONST      shift, and go to state 2
    FUN        shift, and go to state 3
    VAR        shift, and go to state 4
    VOID       shift, and go to state 5
    ARR        shift, and go to state 6

    $default  reduce using rule 1 (start)

    stmt                   go to state 30
    main_function          go to state 10
    container_declaration  go to state 11
    function_declaration   go to state 12
    array_declaration      go to state 13
    var_declaration        go to state 14
    const_declaration      go to state 15


State 9

    3 stmts: stmt .

    $default  reduce using rule 3 (stmts)


State 10

    9 stmt: main_function .

    $default  reduce using rule 9 (stmt)


State 11

    8 stmt: container_declaration .

    $default  reduce using rule 8 (stmt)


State 12

    7 stmt: function_declaration .

    $default  reduce using rule 7 (stmt)


State 13

    5 stmt: array_declaration . ';'

    ';'  shift, and go to state 31


State 14

    4 stmt: var_declaration . ';'

    ';'  shift, and go to state 32


State 15

    6 stmt: const_declaration . ';'

    ';'  shift, and go to state 33


State 16

   11 container_declaration: CONTAINER '{' . container_body '}' IDENTIFIER ';'

    FUN  shift, and go to state 3
    VAR  shift, and go to state 4

    container_body        go to state 34
    container_elements    go to state 35
    function_declaration  go to state 36
    var_declaration       go to state 37


State 17

   23 types: INT .

    $default  reduce using rule 23 (types)


State 18

   24 types: FLOAT .

    $default  reduce using rule 24 (types)


State 19

   25 types: CHAR .

    $default  reduce using rule 25 (types)


State 20

   26 types: STRING .

    $default  reduce using rule 26 (types)


State 21

   27 types: BOOL .

    $default  reduce using rule 27 (types)


State 22

   73 const_declaration: CONST types . IDENTIFIER '=' expression

    IDENTIFIER  shift, and go to state 38


State 23

   19 return_type: VOID .

    $default  reduce using rule 19 (return_type)


State 24

   16 function_declaration: FUN return_type . IDENTIFIER '(' fun_params ')' '{' fun_body '}'
   17                     | FUN return_type . IDENTIFIER '(' ')' '{' fun_body '}'

    IDENTIFIER  shift, and go to state 39


State 25

   18 return_type: types .

    $default  reduce using rule 18 (return_type)


State 26

   71 var_declaration: VAR types . IDENTIFIER
   72                | VAR types . IDENTIFIER '=' expression

    IDENTIFIER  shift, and go to state 40


State 27

   10 main_function: VOID MAIN . '(' ')' '{' fun_body '}'

    '('  shift, and go to state 41


State 28

   46 array_declaration: ARR types . IDENTIFIER '[' INT_CONST ']' '=' '{' array_list '}'
   47                  | ARR types . IDENTIFIER '[' INT_CONST ']'

    IDENTIFIER  shift, and go to state 42


State 29

    0 $accept: start $end .

    $default  accept


State 30

    2 stmts: stmts stmt .

    $default  reduce using rule 2 (stmts)


State 31

    5 stmt: array_declaration ';' .

    $default  reduce using rule 5 (stmt)


State 32

    4 stmt: var_declaration ';' .

    $default  reduce using rule 4 (stmt)


State 33

    6 stmt: const_declaration ';' .

    $default  reduce using rule 6 (stmt)


State 34

   11 container_declaration: CONTAINER '{' container_body . '}' IDENTIFIER ';'
   13 container_body: container_body . container_elements

    FUN  shift, and go to state 3
    VAR  shift, and go to state 4
    '}'  shift, and go to state 43

    container_elements    go to state 44
    function_declaration  go to state 36
    var_declaration       go to state 37


State 35

   12 container_body: container_elements .

    $default  reduce using rule 12 (container_body)


State 36

   15 container_elements: function_declaration .

    $default  reduce using rule 15 (container_elements)


State 37

   14 container_elements: var_declaration . ';'

    ';'  shift, and go to state 45


State 38

   73 const_declaration: CONST types IDENTIFIER . '=' expression

    '='  shift, and go to state 46


State 39

   16 function_declaration: FUN return_type IDENTIFIER . '(' fun_params ')' '{' fun_body '}'
   17                     | FUN return_type IDENTIFIER . '(' ')' '{' fun_body '}'

    '('  shift, and go to state 47


State 40

   71 var_declaration: VAR types IDENTIFIER .
   72                | VAR types IDENTIFIER . '=' expression

    '='  shift, and go to state 48

    $default  reduce using rule 71 (var_declaration)


State 41

   10 main_function: VOID MAIN '(' . ')' '{' fun_body '}'

    ')'  shift, and go to state 49


State 42

   46 array_declaration: ARR types IDENTIFIER . '[' INT_CONST ']' '=' '{' array_list '}'
   47                  | ARR types IDENTIFIER . '[' INT_CONST ']'

    '['  shift, and go to state 50


State 43

   11 container_declaration: CONTAINER '{' container_body '}' . IDENTIFIER ';'

    IDENTIFIER  shift, and go to state 51


State 44

   13 container_body: container_body container_elements .

    $default  reduce using rule 13 (container_body)


State 45

   14 container_elements: var_declaration ';' .

    $default  reduce using rule 14 (container_elements)


State 46

   73 const_declaration: CONST types IDENTIFIER '=' . expression

    IDENTIFIER   shift, and go to state 52
    INT_CONST    shift, and go to state 53
    FLOAT_CONST  shift, and go to state 54
    CHAR_CONST   shift, and go to state 55
    STR_CONST    shift, and go to state 56
    TRUE         shift, and go to state 57
    FALSE        shift, and go to state 58
    '-'          shift, and go to state 59
    '!'          shift, and go to state 60
    '('          shift, and go to state 61

    array_val           go to state 62
    get_container_elem  go to state 63
    expression          go to state 64


State 47

   16 function_declaration: FUN return_type IDENTIFIER '(' . fun_params ')' '{' fun_body '}'
   17                     | FUN return_type IDENTIFIER '(' . ')' '{' fun_body '}'

    INT     shift, and go to state 17
    FLOAT   shift, and go to state 18
    CHAR    shift, and go to state 19
    STRING  shift, and go to state 20
    BOOL    shift, and go to state 21
    ')'     shift, and go to state 65

    fun_params  go to state 66
    parameter   go to state 67
    types       go to state 68


State 48

   72 var_declaration: VAR types IDENTIFIER '=' . expression

    IDENTIFIER   shift, and go to state 52
    INT_CONST    shift, and go to state 53
    FLOAT_CONST  shift, and go to state 54
    CHAR_CONST   shift, and go to state 55
    STR_CONST    shift, and go to state 56
    TRUE         shift, and go to state 57
    FALSE        shift, and go to state 58
    '-'          shift, and go to state 59
    '!'          shift, and go to state 60
    '('          shift, and go to state 61

    array_val           go to state 62
    get_container_elem  go to state 63
    expression          go to state 69


State 49

   10 main_function: VOID MAIN '(' ')' . '{' fun_body '}'

    '{'  shift, and go to state 70


State 50

   46 array_declaration: ARR types IDENTIFIER '[' . INT_CONST ']' '=' '{' array_list '}'
   47                  | ARR types IDENTIFIER '[' . INT_CONST ']'

    INT_CONST  shift, and go to state 71


State 51

   11 container_declaration: CONTAINER '{' container_body '}' IDENTIFIER . ';'

    ';'  shift, and go to state 72


State 52

   67 array_val: IDENTIFIER . '[' INT_CONST ']'
   68 get_container_elem: IDENTIFIER . ACCES IDENTIFIER
   82 expression: IDENTIFIER .

    ACCES  shift, and go to state 73
    '['    shift, and go to state 74

    $default  reduce using rule 82 (expression)


State 53

   85 expression: INT_CONST .

    $default  reduce using rule 85 (expression)


State 54

   86 expression: FLOAT_CONST .

    $default  reduce using rule 86 (expression)


State 55

  105 expression: CHAR_CONST .

    $default  reduce using rule 105 (expression)


State 56

  106 expression: STR_CONST .

    $default  reduce using rule 106 (expression)


State 57

   94 expression: TRUE .

    $default  reduce using rule 94 (expression)


State 58

   95 expression: FALSE .

    $default  reduce using rule 95 (expression)


State 59

   93 expression: '-' . expression

    IDENTIFIER   shift, and go to state 52
    INT_CONST    shift, and go to state 53
    FLOAT_CONST  shift, and go to state 54
    CHAR_CONST   shift, and go to state 55
    STR_CONST    shift, and go to state 56
    TRUE         shift, and go to state 57
    FALSE        shift, and go to state 58
    '-'          shift, and go to state 59
    '!'          shift, and go to state 60
    '('          shift, and go to state 61

    array_val           go to state 62
    get_container_elem  go to state 63
    expression          go to state 75


State 60

  104 expression: '!' . expression

    IDENTIFIER   shift, and go to state 52
    INT_CONST    shift, and go to state 53
    FLOAT_CONST  shift, and go to state 54
    CHAR_CONST   shift, and go to state 55
    STR_CONST    shift, and go to state 56
    TRUE         shift, and go to state 57
    FALSE        shift, and go to state 58
    '-'          shift, and go to state 59
    '!'          shift, and go to state 60
    '('          shift, and go to state 61

    array_val           go to state 62
    get_container_elem  go to state 63
    expression          go to state 76


State 61

   87 expression: '(' . expression ')'

    IDENTIFIER   shift, and go to state 52
    INT_CONST    shift, and go to state 53
    FLOAT_CONST  shift, and go to state 54
    CHAR_CONST   shift, and go to state 55
    STR_CONST    shift, and go to state 56
    TRUE         shift, and go to state 57
    FALSE        shift, and go to state 58
    '-'          shift, and go to state 59
    '!'          shift, and go to state 60
    '('          shift, and go to state 61

    array_val           go to state 62
    get_container_elem  go to state 63
    expression          go to state 77


State 62

   84 expression: array_val .

    $default  reduce using rule 84 (expression)


State 63

   83 expression: get_container_elem .

    $default  reduce using rule 83 (expression)


State 64

   73 const_declaration: CONST types IDENTIFIER '=' expression .
   88 expression: expression . '+' expression
   89           | expression . '-' expression
   90           | expression . '*' expression
   91           | expression . '/' expression
   92           | expression . '%' expression
   96           | expression . LT expression
   97           | expression . GT expression
   98           | expression . LTE expression
   99           | expression . GTE expression
  100           | expression . EQUALITY expression
  101           | expression . INEQUALITY
  102           | expression . AND expression
  103           | expression . OR expression

    AND         shift, and go to state 78
    OR          shift, and go to state 79
    EQUALITY    shift, and go to state 80
    INEQUALITY  shift, and go to state 81
    LT          shift, and go to state 82
    GT          shift, and go to state 83
    LTE         shift, and go to state 84
    GTE         shift, and go to state 85
    '+'         shift, and go to state 86
    '-'         shift, and go to state 87
    '*'         shift, and go to state 88
    '/'         shift, and go to state 89
    '%'         shift, and go to state 90

    $default  reduce using rule 73 (const_declaration)


State 65

   17 function_declaration: FUN return_type IDENTIFIER '(' ')' . '{' fun_body '}'

    '{'  shift, and go to state 91


State 66

   16 function_declaration: FUN return_type IDENTIFIER '(' fun_params . ')' '{' fun_body '}'
   21 fun_params: fun_params . ',' parameter

    ')'  shift, and go to state 92
    ','  shift, and go to state 93


State 67

   20 fun_params: parameter .

    $default  reduce using rule 20 (fun_params)


State 68

   22 parameter: types . IDENTIFIER

    IDENTIFIER  shift, and go to state 94


State 69

   72 var_declaration: VAR types IDENTIFIER '=' expression .
   88 expression: expression . '+' expression
   89           | expression . '-' expression
   90           | expression . '*' expression
   91           | expression . '/' expression
   92           | expression . '%' expression
   96           | expression . LT expression
   97           | expression . GT expression
   98           | expression . LTE expression
   99           | expression . GTE expression
  100           | expression . EQUALITY expression
  101           | expression . INEQUALITY
  102           | expression . AND expression
  103           | expression . OR expression

    AND         shift, and go to state 78
    OR          shift, and go to state 79
    EQUALITY    shift, and go to state 80
    INEQUALITY  shift, and go to state 81
    LT          shift, and go to state 82
    GT          shift, and go to state 83
    LTE         shift, and go to state 84
    GTE         shift, and go to state 85
    '+'         shift, and go to state 86
    '-'         shift, and go to state 87
    '*'         shift, and go to state 88
    '/'         shift, and go to state 89
    '%'         shift, and go to state 90

    $default  reduce using rule 72 (var_declaration)


State 70

   10 main_function: VOID MAIN '(' ')' '{' . fun_body '}'

    CONST       shift, and go to state 2
    VAR         shift, and go to state 4
    CALL        shift, and go to state 95
    IF          shift, and go to state 96
    WHILE       shift, and go to state 97
    FOR         shift, and go to state 98
    ARR         shift, and go to state 6
    IDENTIFIER  shift, and go to state 99

    fun_body              go to state 100
    code_block            go to state 101
    if_statement          go to state 102
    while_statement       go to state 103
    for_statement         go to state 104
    var_assignment        go to state 105
    array_declaration     go to state 106
    array_assignment      go to state 107
    array_val             go to state 108
    get_container_elem    go to state 109
    container_assignment  go to state 110
    container_function    go to state 111
    var_declaration       go to state 112
    const_declaration     go to state 113
    call_function         go to state 114


State 71

   46 array_declaration: ARR types IDENTIFIER '[' INT_CONST . ']' '=' '{' array_list '}'
   47                  | ARR types IDENTIFIER '[' INT_CONST . ']'

    ']'  shift, and go to state 115


State 72

   11 container_declaration: CONTAINER '{' container_body '}' IDENTIFIER ';' .

    $default  reduce using rule 11 (container_declaration)


State 73

   68 get_container_elem: IDENTIFIER ACCES . IDENTIFIER

    IDENTIFIER  shift, and go to state 116


State 74

   67 array_val: IDENTIFIER '[' . INT_CONST ']'

    INT_CONST  shift, and go to state 117


State 75

   88 expression: expression . '+' expression
   89           | expression . '-' expression
   90           | expression . '*' expression
   91           | expression . '/' expression
   92           | expression . '%' expression
   93           | '-' expression .
   96           | expression . LT expression
   97           | expression . GT expression
   98           | expression . LTE expression
   99           | expression . GTE expression
  100           | expression . EQUALITY expression
  101           | expression . INEQUALITY
  102           | expression . AND expression
  103           | expression . OR expression

    $default  reduce using rule 93 (expression)


State 76

   88 expression: expression . '+' expression
   89           | expression . '-' expression
   90           | expression . '*' expression
   91           | expression . '/' expression
   92           | expression . '%' expression
   96           | expression . LT expression
   97           | expression . GT expression
   98           | expression . LTE expression
   99           | expression . GTE expression
  100           | expression . EQUALITY expression
  101           | expression . INEQUALITY
  102           | expression . AND expression
  103           | expression . OR expression
  104           | '!' expression .

    $default  reduce using rule 104 (expression)


State 77

   87 expression: '(' expression . ')'
   88           | expression . '+' expression
   89           | expression . '-' expression
   90           | expression . '*' expression
   91           | expression . '/' expression
   92           | expression . '%' expression
   96           | expression . LT expression
   97           | expression . GT expression
   98           | expression . LTE expression
   99           | expression . GTE expression
  100           | expression . EQUALITY expression
  101           | expression . INEQUALITY
  102           | expression . AND expression
  103           | expression . OR expression

    AND         shift, and go to state 78
    OR          shift, and go to state 79
    EQUALITY    shift, and go to state 80
    INEQUALITY  shift, and go to state 81
    LT          shift, and go to state 82
    GT          shift, and go to state 83
    LTE         shift, and go to state 84
    GTE         shift, and go to state 85
    '+'         shift, and go to state 86
    '-'         shift, and go to state 87
    '*'         shift, and go to state 88
    '/'         shift, and go to state 89
    '%'         shift, and go to state 90
    ')'         shift, and go to state 118


State 78

  102 expression: expression AND . expression

    IDENTIFIER   shift, and go to state 52
    INT_CONST    shift, and go to state 53
    FLOAT_CONST  shift, and go to state 54
    CHAR_CONST   shift, and go to state 55
    STR_CONST    shift, and go to state 56
    TRUE         shift, and go to state 57
    FALSE        shift, and go to state 58
    '-'          shift, and go to state 59
    '!'          shift, and go to state 60
    '('          shift, and go to state 61

    array_val           go to state 62
    get_container_elem  go to state 63
    expression          go to state 119


State 79

  103 expression: expression OR . expression

    IDENTIFIER   shift, and go to state 52
    INT_CONST    shift, and go to state 53
    FLOAT_CONST  shift, and go to state 54
    CHAR_CONST   shift, and go to state 55
    STR_CONST    shift, and go to state 56
    TRUE         shift, and go to state 57
    FALSE        shift, and go to state 58
    '-'          shift, and go to state 59
    '!'          shift, and go to state 60
    '('          shift, and go to state 61

    array_val           go to state 62
    get_container_elem  go to state 63
    expression          go to state 120


State 80

  100 expression: expression EQUALITY . expression

    IDENTIFIER   shift, and go to state 52
    INT_CONST    shift, and go to state 53
    FLOAT_CONST  shift, and go to state 54
    CHAR_CONST   shift, and go to state 55
    STR_CONST    shift, and go to state 56
    TRUE         shift, and go to state 57
    FALSE        shift, and go to state 58
    '-'          shift, and go to state 59
    '!'          shift, and go to state 60
    '('          shift, and go to state 61

    array_val           go to state 62
    get_container_elem  go to state 63
    expression          go to state 121


State 81

  101 expression: expression INEQUALITY .

    $default  reduce using rule 101 (expression)


State 82

   96 expression: expression LT . expression

    IDENTIFIER   shift, and go to state 52
    INT_CONST    shift, and go to state 53
    FLOAT_CONST  shift, and go to state 54
    CHAR_CONST   shift, and go to state 55
    STR_CONST    shift, and go to state 56
    TRUE         shift, and go to state 57
    FALSE        shift, and go to state 58
    '-'          shift, and go to state 59
    '!'          shift, and go to state 60
    '('          shift, and go to state 61

    array_val           go to state 62
    get_container_elem  go to state 63
    expression          go to state 122


State 83

   97 expression: expression GT . expression

    IDENTIFIER   shift, and go to state 52
    INT_CONST    shift, and go to state 53
    FLOAT_CONST  shift, and go to state 54
    CHAR_CONST   shift, and go to state 55
    STR_CONST    shift, and go to state 56
    TRUE         shift, and go to state 57
    FALSE        shift, and go to state 58
    '-'          shift, and go to state 59
    '!'          shift, and go to state 60
    '('          shift, and go to state 61

    array_val           go to state 62
    get_container_elem  go to state 63
    expression          go to state 123


State 84

   98 expression: expression LTE . expression

    IDENTIFIER   shift, and go to state 52
    INT_CONST    shift, and go to state 53
    FLOAT_CONST  shift, and go to state 54
    CHAR_CONST   shift, and go to state 55
    STR_CONST    shift, and go to state 56
    TRUE         shift, and go to state 57
    FALSE        shift, and go to state 58
    '-'          shift, and go to state 59
    '!'          shift, and go to state 60
    '('          shift, and go to state 61

    array_val           go to state 62
    get_container_elem  go to state 63
    expression          go to state 124


State 85

   99 expression: expression GTE . expression

    IDENTIFIER   shift, and go to state 52
    INT_CONST    shift, and go to state 53
    FLOAT_CONST  shift, and go to state 54
    CHAR_CONST   shift, and go to state 55
    STR_CONST    shift, and go to state 56
    TRUE         shift, and go to state 57
    FALSE        shift, and go to state 58
    '-'          shift, and go to state 59
    '!'          shift, and go to state 60
    '('          shift, and go to state 61

    array_val           go to state 62
    get_container_elem  go to state 63
    expression          go to state 125


State 86

   88 expression: expression '+' . expression

    IDENTIFIER   shift, and go to state 52
    INT_CONST    shift, and go to state 53
    FLOAT_CONST  shift, and go to state 54
    CHAR_CONST   shift, and go to state 55
    STR_CONST    shift, and go to state 56
    TRUE         shift, and go to state 57
    FALSE        shift, and go to state 58
    '-'          shift, and go to state 59
    '!'          shift, and go to state 60
    '('          shift, and go to state 61

    array_val           go to state 62
    get_container_elem  go to state 63
    expression          go to state 126


State 87

   89 expression: expression '-' . expression

    IDENTIFIER   shift, and go to state 52
    INT_CONST    shift, and go to state 53
    FLOAT_CONST  shift, and go to state 54
    CHAR_CONST   shift, and go to state 55
    STR_CONST    shift, and go to state 56
    TRUE         shift, and go to state 57
    FALSE        shift, and go to state 58
    '-'          shift, and go to state 59
    '!'          shift, and go to state 60
    '('          shift, and go to state 61

    array_val           go to state 62
    get_container_elem  go to state 63
    expression          go to state 127


State 88

   90 expression: expression '*' . expression

    IDENTIFIER   shift, and go to state 52
    INT_CONST    shift, and go to state 53
    FLOAT_CONST  shift, and go to state 54
    CHAR_CONST   shift, and go to state 55
    STR_CONST    shift, and go to state 56
    TRUE         shift, and go to state 57
    FALSE        shift, and go to state 58
    '-'          shift, and go to state 59
    '!'          shift, and go to state 60
    '('          shift, and go to state 61

    array_val           go to state 62
    get_container_elem  go to state 63
    expression          go to state 128


State 89

   91 expression: expression '/' . expression

    IDENTIFIER   shift, and go to state 52
    INT_CONST    shift, and go to state 53
    FLOAT_CONST  shift, and go to state 54
    CHAR_CONST   shift, and go to state 55
    STR_CONST    shift, and go to state 56
    TRUE         shift, and go to state 57
    FALSE        shift, and go to state 58
    '-'          shift, and go to state 59
    '!'          shift, and go to state 60
    '('          shift, and go to state 61

    array_val           go to state 62
    get_container_elem  go to state 63
    expression          go to state 129


State 90

   92 expression: expression '%' . expression

    IDENTIFIER   shift, and go to state 52
    INT_CONST    shift, and go to state 53
    FLOAT_CONST  shift, and go to state 54
    CHAR_CONST   shift, and go to state 55
    STR_CONST    shift, and go to state 56
    TRUE         shift, and go to state 57
    FALSE        shift, and go to state 58
    '-'          shift, and go to state 59
    '!'          shift, and go to state 60
    '('          shift, and go to state 61

    array_val           go to state 62
    get_container_elem  go to state 63
    expression          go to state 130


State 91

   17 function_declaration: FUN return_type IDENTIFIER '(' ')' '{' . fun_body '}'

    CONST       shift, and go to state 2
    VAR         shift, and go to state 4
    CALL        shift, and go to state 95
    IF          shift, and go to state 96
    WHILE       shift, and go to state 97
    FOR         shift, and go to state 98
    ARR         shift, and go to state 6
    IDENTIFIER  shift, and go to state 99

    fun_body              go to state 131
    code_block            go to state 101
    if_statement          go to state 102
    while_statement       go to state 103
    for_statement         go to state 104
    var_assignment        go to state 105
    array_declaration     go to state 106
    array_assignment      go to state 107
    array_val             go to state 108
    get_container_elem    go to state 109
    container_assignment  go to state 110
    container_function    go to state 111
    var_declaration       go to state 112
    const_declaration     go to state 113
    call_function         go to state 114


State 92

   16 function_declaration: FUN return_type IDENTIFIER '(' fun_params ')' . '{' fun_body '}'

    '{'  shift, and go to state 132


State 93

   21 fun_params: fun_params ',' . parameter

    INT     shift, and go to state 17
    FLOAT   shift, and go to state 18
    CHAR    shift, and go to state 19
    STRING  shift, and go to state 20
    BOOL    shift, and go to state 21

    parameter  go to state 133
    types      go to state 68


State 94

   22 parameter: types IDENTIFIER .

    $default  reduce using rule 22 (parameter)


State 95

   74 call_function: CALL . IDENTIFIER '(' call_params ')'
   75              | CALL . IDENTIFIER '(' ')'
   76              | CALL . eval_function

    EVAL        shift, and go to state 134
    IDENTIFIER  shift, and go to state 135

    eval_function  go to state 136


State 96

   41 if_statement: IF . '(' expression ')' '{' code_block '}'
   42             | IF . '(' expression ')' '{' code_block '}' ELSE '{' code_block '}'

    '('  shift, and go to state 137


State 97

   43 while_statement: WHILE . '(' expression ')' '{' code_block '}'

    '('  shift, and go to state 138


State 98

   44 for_statement: FOR . '(' var_assignment ';' expression ';' var_assignment ')' '{' code_block '}'

    '('  shift, and go to state 139


State 99

   45 var_assignment: IDENTIFIER . '=' expression
   67 array_val: IDENTIFIER . '[' INT_CONST ']'
   68 get_container_elem: IDENTIFIER . ACCES IDENTIFIER

    '='    shift, and go to state 140
    ACCES  shift, and go to state 73
    '['    shift, and go to state 74


State 100

   10 main_function: VOID MAIN '(' ')' '{' fun_body . '}'
   29 fun_body: fun_body . code_block

    CONST       shift, and go to state 2
    VAR         shift, and go to state 4
    CALL        shift, and go to state 95
    IF          shift, and go to state 96
    WHILE       shift, and go to state 97
    FOR         shift, and go to state 98
    ARR         shift, and go to state 6
    IDENTIFIER  shift, and go to state 99
    '}'         shift, and go to state 141

    code_block            go to state 142
    if_statement          go to state 102
    while_statement       go to state 103
    for_statement         go to state 104
    var_assignment        go to state 105
    array_declaration     go to state 106
    array_assignment      go to state 107
    array_val             go to state 108
    get_container_elem    go to state 109
    container_assignment  go to state 110
    container_function    go to state 111
    var_declaration       go to state 112
    const_declaration     go to state 113
    call_function         go to state 114


State 101

   28 fun_body: code_block .

    $default  reduce using rule 28 (fun_body)


State 102

   38 code_block: if_statement .

    $default  reduce using rule 38 (code_block)


State 103

   39 code_block: while_statement .

    $default  reduce using rule 39 (code_block)


State 104

   40 code_block: for_statement .

    $default  reduce using rule 40 (code_block)


State 105

   35 code_block: var_assignment . ';'

    ';'  shift, and go to state 143


State 106

   31 code_block: array_declaration . ';'

    ';'  shift, and go to state 144


State 107

   32 code_block: array_assignment . ';'

    ';'  shift, and go to state 145


State 108

   54 array_assignment: array_val . '=' expression

    '='  shift, and go to state 146


State 109

   69 container_assignment: get_container_elem . '=' expression
   70 container_function: get_container_elem . '(' call_params ')'

    '='  shift, and go to state 147
    '('  shift, and go to state 148


State 110

   36 code_block: container_assignment . ';'

    ';'  shift, and go to state 149


State 111

   37 code_block: container_function . ';'

    ';'  shift, and go to state 150


State 112

   30 code_block: var_declaration . ';'

    ';'  shift, and go to state 151


State 113

   33 code_block: const_declaration . ';'

    ';'  shift, and go to state 152


State 114

   34 code_block: call_function . ';'

    ';'  shift, and go to state 153


State 115

   46 array_declaration: ARR types IDENTIFIER '[' INT_CONST ']' . '=' '{' array_list '}'
   47                  | ARR types IDENTIFIER '[' INT_CONST ']' .

    '='  shift, and go to state 154

    $default  reduce using rule 47 (array_declaration)


State 116

   68 get_container_elem: IDENTIFIER ACCES IDENTIFIER .

    $default  reduce using rule 68 (get_container_elem)


State 117

   67 array_val: IDENTIFIER '[' INT_CONST . ']'

    ']'  shift, and go to state 155


State 118

   87 expression: '(' expression ')' .

    $default  reduce using rule 87 (expression)


State 119

   88 expression: expression . '+' expression
   89           | expression . '-' expression
   90           | expression . '*' expression
   91           | expression . '/' expression
   92           | expression . '%' expression
   96           | expression . LT expression
   97           | expression . GT expression
   98           | expression . LTE expression
   99           | expression . GTE expression
  100           | expression . EQUALITY expression
  101           | expression . INEQUALITY
  102           | expression . AND expression
  102           | expression AND expression .
  103           | expression . OR expression

    OR          shift, and go to state 79
    EQUALITY    shift, and go to state 80
    INEQUALITY  shift, and go to state 81
    LT          shift, and go to state 82
    GT          shift, and go to state 83
    LTE         shift, and go to state 84
    GTE         shift, and go to state 85
    '+'         shift, and go to state 86
    '-'         shift, and go to state 87
    '*'         shift, and go to state 88
    '/'         shift, and go to state 89
    '%'         shift, and go to state 90

    $default  reduce using rule 102 (expression)


State 120

   88 expression: expression . '+' expression
   89           | expression . '-' expression
   90           | expression . '*' expression
   91           | expression . '/' expression
   92           | expression . '%' expression
   96           | expression . LT expression
   97           | expression . GT expression
   98           | expression . LTE expression
   99           | expression . GTE expression
  100           | expression . EQUALITY expression
  101           | expression . INEQUALITY
  102           | expression . AND expression
  103           | expression . OR expression
  103           | expression OR expression .

    EQUALITY    shift, and go to state 80
    INEQUALITY  shift, and go to state 81
    LT          shift, and go to state 82
    GT          shift, and go to state 83
    LTE         shift, and go to state 84
    GTE         shift, and go to state 85
    '+'         shift, and go to state 86
    '-'         shift, and go to state 87
    '*'         shift, and go to state 88
    '/'         shift, and go to state 89
    '%'         shift, and go to state 90

    $default  reduce using rule 103 (expression)


State 121

   88 expression: expression . '+' expression
   89           | expression . '-' expression
   90           | expression . '*' expression
   91           | expression . '/' expression
   92           | expression . '%' expression
   96           | expression . LT expression
   97           | expression . GT expression
   98           | expression . LTE expression
   99           | expression . GTE expression
  100           | expression . EQUALITY expression
  100           | expression EQUALITY expression .
  101           | expression . INEQUALITY
  102           | expression . AND expression
  103           | expression . OR expression

    LT   shift, and go to state 82
    GT   shift, and go to state 83
    LTE  shift, and go to state 84
    GTE  shift, and go to state 85
    '+'  shift, and go to state 86
    '-'  shift, and go to state 87
    '*'  shift, and go to state 88
    '/'  shift, and go to state 89
    '%'  shift, and go to state 90

    $default  reduce using rule 100 (expression)


State 122

   88 expression: expression . '+' expression
   89           | expression . '-' expression
   90           | expression . '*' expression
   91           | expression . '/' expression
   92           | expression . '%' expression
   96           | expression . LT expression
   96           | expression LT expression .
   97           | expression . GT expression
   98           | expression . LTE expression
   99           | expression . GTE expression
  100           | expression . EQUALITY expression
  101           | expression . INEQUALITY
  102           | expression . AND expression
  103           | expression . OR expression

    '+'  shift, and go to state 86
    '-'  shift, and go to state 87
    '*'  shift, and go to state 88
    '/'  shift, and go to state 89
    '%'  shift, and go to state 90

    $default  reduce using rule 96 (expression)


State 123

   88 expression: expression . '+' expression
   89           | expression . '-' expression
   90           | expression . '*' expression
   91           | expression . '/' expression
   92           | expression . '%' expression
   96           | expression . LT expression
   97           | expression . GT expression
   97           | expression GT expression .
   98           | expression . LTE expression
   99           | expression . GTE expression
  100           | expression . EQUALITY expression
  101           | expression . INEQUALITY
  102           | expression . AND expression
  103           | expression . OR expression

    '+'  shift, and go to state 86
    '-'  shift, and go to state 87
    '*'  shift, and go to state 88
    '/'  shift, and go to state 89
    '%'  shift, and go to state 90

    $default  reduce using rule 97 (expression)


State 124

   88 expression: expression . '+' expression
   89           | expression . '-' expression
   90           | expression . '*' expression
   91           | expression . '/' expression
   92           | expression . '%' expression
   96           | expression . LT expression
   97           | expression . GT expression
   98           | expression . LTE expression
   98           | expression LTE expression .
   99           | expression . GTE expression
  100           | expression . EQUALITY expression
  101           | expression . INEQUALITY
  102           | expression . AND expression
  103           | expression . OR expression

    '+'  shift, and go to state 86
    '-'  shift, and go to state 87
    '*'  shift, and go to state 88
    '/'  shift, and go to state 89
    '%'  shift, and go to state 90

    $default  reduce using rule 98 (expression)


State 125

   88 expression: expression . '+' expression
   89           | expression . '-' expression
   90           | expression . '*' expression
   91           | expression . '/' expression
   92           | expression . '%' expression
   96           | expression . LT expression
   97           | expression . GT expression
   98           | expression . LTE expression
   99           | expression . GTE expression
   99           | expression GTE expression .
  100           | expression . EQUALITY expression
  101           | expression . INEQUALITY
  102           | expression . AND expression
  103           | expression . OR expression

    '+'  shift, and go to state 86
    '-'  shift, and go to state 87
    '*'  shift, and go to state 88
    '/'  shift, and go to state 89
    '%'  shift, and go to state 90

    $default  reduce using rule 99 (expression)


State 126

   88 expression: expression . '+' expression
   88           | expression '+' expression .
   89           | expression . '-' expression
   90           | expression . '*' expression
   91           | expression . '/' expression
   92           | expression . '%' expression
   96           | expression . LT expression
   97           | expression . GT expression
   98           | expression . LTE expression
   99           | expression . GTE expression
  100           | expression . EQUALITY expression
  101           | expression . INEQUALITY
  102           | expression . AND expression
  103           | expression . OR expression

    '*'  shift, and go to state 88
    '/'  shift, and go to state 89
    '%'  shift, and go to state 90

    $default  reduce using rule 88 (expression)


State 127

   88 expression: expression . '+' expression
   89           | expression . '-' expression
   89           | expression '-' expression .
   90           | expression . '*' expression
   91           | expression . '/' expression
   92           | expression . '%' expression
   96           | expression . LT expression
   97           | expression . GT expression
   98           | expression . LTE expression
   99           | expression . GTE expression
  100           | expression . EQUALITY expression
  101           | expression . INEQUALITY
  102           | expression . AND expression
  103           | expression . OR expression

    '*'  shift, and go to state 88
    '/'  shift, and go to state 89
    '%'  shift, and go to state 90

    $default  reduce using rule 89 (expression)


State 128

   88 expression: expression . '+' expression
   89           | expression . '-' expression
   90           | expression . '*' expression
   90           | expression '*' expression .
   91           | expression . '/' expression
   92           | expression . '%' expression
   96           | expression . LT expression
   97           | expression . GT expression
   98           | expression . LTE expression
   99           | expression . GTE expression
  100           | expression . EQUALITY expression
  101           | expression . INEQUALITY
  102           | expression . AND expression
  103           | expression . OR expression

    $default  reduce using rule 90 (expression)


State 129

   88 expression: expression . '+' expression
   89           | expression . '-' expression
   90           | expression . '*' expression
   91           | expression . '/' expression
   91           | expression '/' expression .
   92           | expression . '%' expression
   96           | expression . LT expression
   97           | expression . GT expression
   98           | expression . LTE expression
   99           | expression . GTE expression
  100           | expression . EQUALITY expression
  101           | expression . INEQUALITY
  102           | expression . AND expression
  103           | expression . OR expression

    $default  reduce using rule 91 (expression)


State 130

   88 expression: expression . '+' expression
   89           | expression . '-' expression
   90           | expression . '*' expression
   91           | expression . '/' expression
   92           | expression . '%' expression
   92           | expression '%' expression .
   96           | expression . LT expression
   97           | expression . GT expression
   98           | expression . LTE expression
   99           | expression . GTE expression
  100           | expression . EQUALITY expression
  101           | expression . INEQUALITY
  102           | expression . AND expression
  103           | expression . OR expression

    $default  reduce using rule 92 (expression)


State 131

   17 function_declaration: FUN return_type IDENTIFIER '(' ')' '{' fun_body . '}'
   29 fun_body: fun_body . code_block

    CONST       shift, and go to state 2
    VAR         shift, and go to state 4
    CALL        shift, and go to state 95
    IF          shift, and go to state 96
    WHILE       shift, and go to state 97
    FOR         shift, and go to state 98
    ARR         shift, and go to state 6
    IDENTIFIER  shift, and go to state 99
    '}'         shift, and go to state 156

    code_block            go to state 142
    if_statement          go to state 102
    while_statement       go to state 103
    for_statement         go to state 104
    var_assignment        go to state 105
    array_declaration     go to state 106
    array_assignment      go to state 107
    array_val             go to state 108
    get_container_elem    go to state 109
    container_assignment  go to state 110
    container_function    go to state 111
    var_declaration       go to state 112
    const_declaration     go to state 113
    call_function         go to state 114


State 132

   16 function_declaration: FUN return_type IDENTIFIER '(' fun_params ')' '{' . fun_body '}'

    CONST       shift, and go to state 2
    VAR         shift, and go to state 4
    CALL        shift, and go to state 95
    IF          shift, and go to state 96
    WHILE       shift, and go to state 97
    FOR         shift, and go to state 98
    ARR         shift, and go to state 6
    IDENTIFIER  shift, and go to state 99

    fun_body              go to state 157
    code_block            go to state 101
    if_statement          go to state 102
    while_statement       go to state 103
    for_statement         go to state 104
    var_assignment        go to state 105
    array_declaration     go to state 106
    array_assignment      go to state 107
    array_val             go to state 108
    get_container_elem    go to state 109
    container_assignment  go to state 110
    container_function    go to state 111
    var_declaration       go to state 112
    const_declaration     go to state 113
    call_function         go to state 114


State 133

   21 fun_params: fun_params ',' parameter .

    $default  reduce using rule 21 (fun_params)


State 134

   77 eval_function: EVAL . '(' expression ')'

    '('  shift, and go to state 158


State 135

   74 call_function: CALL IDENTIFIER . '(' call_params ')'
   75              | CALL IDENTIFIER . '(' ')'

    '('  shift, and go to state 159


State 136

   76 call_function: CALL eval_function .

    $default  reduce using rule 76 (call_function)


State 137

   41 if_statement: IF '(' . expression ')' '{' code_block '}'
   42             | IF '(' . expression ')' '{' code_block '}' ELSE '{' code_block '}'

    IDENTIFIER   shift, and go to state 52
    INT_CONST    shift, and go to state 53
    FLOAT_CONST  shift, and go to state 54
    CHAR_CONST   shift, and go to state 55
    STR_CONST    shift, and go to state 56
    TRUE         shift, and go to state 57
    FALSE        shift, and go to state 58
    '-'          shift, and go to state 59
    '!'          shift, and go to state 60
    '('          shift, and go to state 61

    array_val           go to state 62
    get_container_elem  go to state 63
    expression          go to state 160


State 138

   43 while_statement: WHILE '(' . expression ')' '{' code_block '}'

    IDENTIFIER   shift, and go to state 52
    INT_CONST    shift, and go to state 53
    FLOAT_CONST  shift, and go to state 54
    CHAR_CONST   shift, and go to state 55
    STR_CONST    shift, and go to state 56
    TRUE         shift, and go to state 57
    FALSE        shift, and go to state 58
    '-'          shift, and go to state 59
    '!'          shift, and go to state 60
    '('          shift, and go to state 61

    array_val           go to state 62
    get_container_elem  go to state 63
    expression          go to state 161


State 139

   44 for_statement: FOR '(' . var_assignment ';' expression ';' var_assignment ')' '{' code_block '}'

    IDENTIFIER  shift, and go to state 162

    var_assignment  go to state 163


State 140

   45 var_assignment: IDENTIFIER '=' . expression

    IDENTIFIER   shift, and go to state 52
    INT_CONST    shift, and go to state 53
    FLOAT_CONST  shift, and go to state 54
    CHAR_CONST   shift, and go to state 55
    STR_CONST    shift, and go to state 56
    TRUE         shift, and go to state 57
    FALSE        shift, and go to state 58
    '-'          shift, and go to state 59
    '!'          shift, and go to state 60
    '('          shift, and go to state 61

    array_val           go to state 62
    get_container_elem  go to state 63
    expression          go to state 164


State 141

   10 main_function: VOID MAIN '(' ')' '{' fun_body '}' .

    $default  reduce using rule 10 (main_function)


State 142

   29 fun_body: fun_body code_block .

    $default  reduce using rule 29 (fun_body)


State 143

   35 code_block: var_assignment ';' .

    $default  reduce using rule 35 (code_block)


State 144

   31 code_block: array_declaration ';' .

    $default  reduce using rule 31 (code_block)


State 145

   32 code_block: array_assignment ';' .

    $default  reduce using rule 32 (code_block)


State 146

   54 array_assignment: array_val '=' . expression

    IDENTIFIER   shift, and go to state 52
    INT_CONST    shift, and go to state 53
    FLOAT_CONST  shift, and go to state 54
    CHAR_CONST   shift, and go to state 55
    STR_CONST    shift, and go to state 56
    TRUE         shift, and go to state 57
    FALSE        shift, and go to state 58
    '-'          shift, and go to state 59
    '!'          shift, and go to state 60
    '('          shift, and go to state 61

    array_val           go to state 62
    get_container_elem  go to state 63
    expression          go to state 165


State 147

   69 container_assignment: get_container_elem '=' . expression

    IDENTIFIER   shift, and go to state 52
    INT_CONST    shift, and go to state 53
    FLOAT_CONST  shift, and go to state 54
    CHAR_CONST   shift, and go to state 55
    STR_CONST    shift, and go to state 56
    TRUE         shift, and go to state 57
    FALSE        shift, and go to state 58
    '-'          shift, and go to state 59
    '!'          shift, and go to state 60
    '('          shift, and go to state 61

    array_val           go to state 62
    get_container_elem  go to state 63
    expression          go to state 166


State 148

   70 container_function: get_container_elem '(' . call_params ')'

    CALL         shift, and go to state 95
    IDENTIFIER   shift, and go to state 52
    INT_CONST    shift, and go to state 53
    FLOAT_CONST  shift, and go to state 54
    CHAR_CONST   shift, and go to state 55
    STR_CONST    shift, and go to state 56
    TRUE         shift, and go to state 57
    FALSE        shift, and go to state 58
    '-'          shift, and go to state 59
    '!'          shift, and go to state 60
    '('          shift, and go to state 61

    array_val           go to state 62
    get_container_elem  go to state 63
    call_function       go to state 167
    call_params         go to state 168
    call_param          go to state 169
    expression          go to state 170


State 149

   36 code_block: container_assignment ';' .

    $default  reduce using rule 36 (code_block)


State 150

   37 code_block: container_function ';' .

    $default  reduce using rule 37 (code_block)


State 151

   30 code_block: var_declaration ';' .

    $default  reduce using rule 30 (code_block)


State 152

   33 code_block: const_declaration ';' .

    $default  reduce using rule 33 (code_block)


State 153

   34 code_block: call_function ';' .

    $default  reduce using rule 34 (code_block)


State 154

   46 array_declaration: ARR types IDENTIFIER '[' INT_CONST ']' '=' . '{' array_list '}'

    '{'  shift, and go to state 171


State 155

   67 array_val: IDENTIFIER '[' INT_CONST ']' .

    $default  reduce using rule 67 (array_val)


State 156

   17 function_declaration: FUN return_type IDENTIFIER '(' ')' '{' fun_body '}' .

    $default  reduce using rule 17 (function_declaration)


State 157

   16 function_declaration: FUN return_type IDENTIFIER '(' fun_params ')' '{' fun_body . '}'
   29 fun_body: fun_body . code_block

    CONST       shift, and go to state 2
    VAR         shift, and go to state 4
    CALL        shift, and go to state 95
    IF          shift, and go to state 96
    WHILE       shift, and go to state 97
    FOR         shift, and go to state 98
    ARR         shift, and go to state 6
    IDENTIFIER  shift, and go to state 99
    '}'         shift, and go to state 172

    code_block            go to state 142
    if_statement          go to state 102
    while_statement       go to state 103
    for_statement         go to state 104
    var_assignment        go to state 105
    array_declaration     go to state 106
    array_assignment      go to state 107
    array_val             go to state 108
    get_container_elem    go to state 109
    container_assignment  go to state 110
    container_function    go to state 111
    var_declaration       go to state 112
    const_declaration     go to state 113
    call_function         go to state 114


State 158

   77 eval_function: EVAL '(' . expression ')'

    IDENTIFIER   shift, and go to state 52
    INT_CONST    shift, and go to state 53
    FLOAT_CONST  shift, and go to state 54
    CHAR_CONST   shift, and go to state 55
    STR_CONST    shift, and go to state 56
    TRUE         shift, and go to state 57
    FALSE        shift, and go to state 58
    '-'          shift, and go to state 59
    '!'          shift, and go to state 60
    '('          shift, and go to state 61

    array_val           go to state 62
    get_container_elem  go to state 63
    expression          go to state 173


State 159

   74 call_function: CALL IDENTIFIER '(' . call_params ')'
   75              | CALL IDENTIFIER '(' . ')'

    CALL         shift, and go to state 95
    IDENTIFIER   shift, and go to state 52
    INT_CONST    shift, and go to state 53
    FLOAT_CONST  shift, and go to state 54
    CHAR_CONST   shift, and go to state 55
    STR_CONST    shift, and go to state 56
    TRUE         shift, and go to state 57
    FALSE        shift, and go to state 58
    '-'          shift, and go to state 59
    '!'          shift, and go to state 60
    '('          shift, and go to state 61
    ')'          shift, and go to state 174

    array_val           go to state 62
    get_container_elem  go to state 63
    call_function       go to state 167
    call_params         go to state 175
    call_param          go to state 169
    expression          go to state 170


State 160

   41 if_statement: IF '(' expression . ')' '{' code_block '}'
   42             | IF '(' expression . ')' '{' code_block '}' ELSE '{' code_block '}'
   88 expression: expression . '+' expression
   89           | expression . '-' expression
   90           | expression . '*' expression
   91           | expression . '/' expression
   92           | expression . '%' expression
   96           | expression . LT expression
   97           | expression . GT expression
   98           | expression . LTE expression
   99           | expression . GTE expression
  100           | expression . EQUALITY expression
  101           | expression . INEQUALITY
  102           | expression . AND expression
  103           | expression . OR expression

    AND         shift, and go to state 78
    OR          shift, and go to state 79
    EQUALITY    shift, and go to state 80
    INEQUALITY  shift, and go to state 81
    LT          shift, and go to state 82
    GT          shift, and go to state 83
    LTE         shift, and go to state 84
    GTE         shift, and go to state 85
    '+'         shift, and go to state 86
    '-'         shift, and go to state 87
    '*'         shift, and go to state 88
    '/'         shift, and go to state 89
    '%'         shift, and go to state 90
    ')'         shift, and go to state 176


State 161

   43 while_statement: WHILE '(' expression . ')' '{' code_block '}'
   88 expression: expression . '+' expression
   89           | expression . '-' expression
   90           | expression . '*' expression
   91           | expression . '/' expression
   92           | expression . '%' expression
   96           | expression . LT expression
   97           | expression . GT expression
   98           | expression . LTE expression
   99           | expression . GTE expression
  100           | expression . EQUALITY expression
  101           | expression . INEQUALITY
  102           | expression . AND expression
  103           | expression . OR expression

    AND         shift, and go to state 78
    OR          shift, and go to state 79
    EQUALITY    shift, and go to state 80
    INEQUALITY  shift, and go to state 81
    LT          shift, and go to state 82
    GT          shift, and go to state 83
    LTE         shift, and go to state 84
    GTE         shift, and go to state 85
    '+'         shift, and go to state 86
    '-'         shift, and go to state 87
    '*'         shift, and go to state 88
    '/'         shift, and go to state 89
    '%'         shift, and go to state 90
    ')'         shift, and go to state 177


State 162

   45 var_assignment: IDENTIFIER . '=' expression

    '='  shift, and go to state 140


State 163

   44 for_statement: FOR '(' var_assignment . ';' expression ';' var_assignment ')' '{' code_block '}'

    ';'  shift, and go to state 178


State 164

   45 var_assignment: IDENTIFIER '=' expression .
   88 expression: expression . '+' expression
   89           | expression . '-' expression
   90           | expression . '*' expression
   91           | expression . '/' expression
   92           | expression . '%' expression
   96           | expression . LT expression
   97           | expression . GT expression
   98           | expression . LTE expression
   99           | expression . GTE expression
  100           | expression . EQUALITY expression
  101           | expression . INEQUALITY
  102           | expression . AND expression
  103           | expression . OR expression

    AND         shift, and go to state 78
    OR          shift, and go to state 79
    EQUALITY    shift, and go to state 80
    INEQUALITY  shift, and go to state 81
    LT          shift, and go to state 82
    GT          shift, and go to state 83
    LTE         shift, and go to state 84
    GTE         shift, and go to state 85
    '+'         shift, and go to state 86
    '-'         shift, and go to state 87
    '*'         shift, and go to state 88
    '/'         shift, and go to state 89
    '%'         shift, and go to state 90

    $default  reduce using rule 45 (var_assignment)


State 165

   54 array_assignment: array_val '=' expression .
   88 expression: expression . '+' expression
   89           | expression . '-' expression
   90           | expression . '*' expression
   91           | expression . '/' expression
   92           | expression . '%' expression
   96           | expression . LT expression
   97           | expression . GT expression
   98           | expression . LTE expression
   99           | expression . GTE expression
  100           | expression . EQUALITY expression
  101           | expression . INEQUALITY
  102           | expression . AND expression
  103           | expression . OR expression

    AND         shift, and go to state 78
    OR          shift, and go to state 79
    EQUALITY    shift, and go to state 80
    INEQUALITY  shift, and go to state 81
    LT          shift, and go to state 82
    GT          shift, and go to state 83
    LTE         shift, and go to state 84
    GTE         shift, and go to state 85
    '+'         shift, and go to state 86
    '-'         shift, and go to state 87
    '*'         shift, and go to state 88
    '/'         shift, and go to state 89
    '%'         shift, and go to state 90

    $default  reduce using rule 54 (array_assignment)


State 166

   69 container_assignment: get_container_elem '=' expression .
   88 expression: expression . '+' expression
   89           | expression . '-' expression
   90           | expression . '*' expression
   91           | expression . '/' expression
   92           | expression . '%' expression
   96           | expression . LT expression
   97           | expression . GT expression
   98           | expression . LTE expression
   99           | expression . GTE expression
  100           | expression . EQUALITY expression
  101           | expression . INEQUALITY
  102           | expression . AND expression
  103           | expression . OR expression

    AND         shift, and go to state 78
    OR          shift, and go to state 79
    EQUALITY    shift, and go to state 80
    INEQUALITY  shift, and go to state 81
    LT          shift, and go to state 82
    GT          shift, and go to state 83
    LTE         shift, and go to state 84
    GTE         shift, and go to state 85
    '+'         shift, and go to state 86
    '-'         shift, and go to state 87
    '*'         shift, and go to state 88
    '/'         shift, and go to state 89
    '%'         shift, and go to state 90

    $default  reduce using rule 69 (container_assignment)


State 167

   80 call_param: call_function .

    $default  reduce using rule 80 (call_param)


State 168

   70 container_function: get_container_elem '(' call_params . ')'
   79 call_params: call_params . ',' call_param

    ')'  shift, and go to state 179
    ','  shift, and go to state 180


State 169

   78 call_params: call_param .

    $default  reduce using rule 78 (call_params)


State 170

   81 call_param: expression .
   88 expression: expression . '+' expression
   89           | expression . '-' expression
   90           | expression . '*' expression
   91           | expression . '/' expression
   92           | expression . '%' expression
   96           | expression . LT expression
   97           | expression . GT expression
   98           | expression . LTE expression
   99           | expression . GTE expression
  100           | expression . EQUALITY expression
  101           | expression . INEQUALITY
  102           | expression . AND expression
  103           | expression . OR expression

    AND         shift, and go to state 78
    OR          shift, and go to state 79
    EQUALITY    shift, and go to state 80
    INEQUALITY  shift, and go to state 81
    LT          shift, and go to state 82
    GT          shift, and go to state 83
    LTE         shift, and go to state 84
    GTE         shift, and go to state 85
    '+'         shift, and go to state 86
    '-'         shift, and go to state 87
    '*'         shift, and go to state 88
    '/'         shift, and go to state 89
    '%'         shift, and go to state 90

    $default  reduce using rule 81 (call_param)


State 171

   46 array_declaration: ARR types IDENTIFIER '[' INT_CONST ']' '=' '{' . array_list '}'

    INT_CONST    shift, and go to state 181
    FLOAT_CONST  shift, and go to state 182
    CHAR_CONST   shift, and go to state 183
    STR_CONST    shift, and go to state 184
    TRUE         shift, and go to state 185
    FALSE        shift, and go to state 186

    $default  reduce using rule 53 (array_list)

    array_list         go to state 187
    array_list_int     go to state 188
    array_list_float   go to state 189
    array_list_char    go to state 190
    array_list_string  go to state 191
    array_list_bool    go to state 192


State 172

   16 function_declaration: FUN return_type IDENTIFIER '(' fun_params ')' '{' fun_body '}' .

    $default  reduce using rule 16 (function_declaration)


State 173

   77 eval_function: EVAL '(' expression . ')'
   88 expression: expression . '+' expression
   89           | expression . '-' expression
   90           | expression . '*' expression
   91           | expression . '/' expression
   92           | expression . '%' expression
   96           | expression . LT expression
   97           | expression . GT expression
   98           | expression . LTE expression
   99           | expression . GTE expression
  100           | expression . EQUALITY expression
  101           | expression . INEQUALITY
  102           | expression . AND expression
  103           | expression . OR expression

    AND         shift, and go to state 78
    OR          shift, and go to state 79
    EQUALITY    shift, and go to state 80
    INEQUALITY  shift, and go to state 81
    LT          shift, and go to state 82
    GT          shift, and go to state 83
    LTE         shift, and go to state 84
    GTE         shift, and go to state 85
    '+'         shift, and go to state 86
    '-'         shift, and go to state 87
    '*'         shift, and go to state 88
    '/'         shift, and go to state 89
    '%'         shift, and go to state 90
    ')'         shift, and go to state 193


State 174

   75 call_function: CALL IDENTIFIER '(' ')' .

    $default  reduce using rule 75 (call_function)


State 175

   74 call_function: CALL IDENTIFIER '(' call_params . ')'
   79 call_params: call_params . ',' call_param

    ')'  shift, and go to state 194
    ','  shift, and go to state 180


State 176

   41 if_statement: IF '(' expression ')' . '{' code_block '}'
   42             | IF '(' expression ')' . '{' code_block '}' ELSE '{' code_block '}'

    '{'  shift, and go to state 195


State 177

   43 while_statement: WHILE '(' expression ')' . '{' code_block '}'

    '{'  shift, and go to state 196


State 178

   44 for_statement: FOR '(' var_assignment ';' . expression ';' var_assignment ')' '{' code_block '}'

    IDENTIFIER   shift, and go to state 52
    INT_CONST    shift, and go to state 53
    FLOAT_CONST  shift, and go to state 54
    CHAR_CONST   shift, and go to state 55
    STR_CONST    shift, and go to state 56
    TRUE         shift, and go to state 57
    FALSE        shift, and go to state 58
    '-'          shift, and go to state 59
    '!'          shift, and go to state 60
    '('          shift, and go to state 61

    array_val           go to state 62
    get_container_elem  go to state 63
    expression          go to state 197


State 179

   70 container_function: get_container_elem '(' call_params ')' .

    $default  reduce using rule 70 (container_function)


State 180

   79 call_params: call_params ',' . call_param

    CALL         shift, and go to state 95
    IDENTIFIER   shift, and go to state 52
    INT_CONST    shift, and go to state 53
    FLOAT_CONST  shift, and go to state 54
    CHAR_CONST   shift, and go to state 55
    STR_CONST    shift, and go to state 56
    TRUE         shift, and go to state 57
    FALSE        shift, and go to state 58
    '-'          shift, and go to state 59
    '!'          shift, and go to state 60
    '('          shift, and go to state 61

    array_val           go to state 62
    get_container_elem  go to state 63
    call_function       go to state 167
    call_param          go to state 198
    expression          go to state 170


State 181

   56 array_list_int: INT_CONST .

    $default  reduce using rule 56 (array_list_int)


State 182

   58 array_list_float: FLOAT_CONST .

    $default  reduce using rule 58 (array_list_float)


State 183

   60 array_list_char: CHAR_CONST .

    $default  reduce using rule 60 (array_list_char)


State 184

   62 array_list_string: STR_CONST .

    $default  reduce using rule 62 (array_list_string)


State 185

   65 array_list_bool: TRUE .

    $default  reduce using rule 65 (array_list_bool)


State 186

   66 array_list_bool: FALSE .

    $default  reduce using rule 66 (array_list_bool)


State 187

   46 array_declaration: ARR types IDENTIFIER '[' INT_CONST ']' '=' '{' array_list . '}'

    '}'  shift, and go to state 199


State 188

   48 array_list: array_list_int .
   55 array_list_int: array_list_int . ',' INT_CONST

    ','  shift, and go to state 200

    $default  reduce using rule 48 (array_list)


State 189

   49 array_list: array_list_float .
   57 array_list_float: array_list_float . ',' FLOAT_CONST

    ','  shift, and go to state 201

    $default  reduce using rule 49 (array_list)


State 190

   50 array_list: array_list_char .
   59 array_list_char: array_list_char . ',' CHAR_CONST

    ','  shift, and go to state 202

    $default  reduce using rule 50 (array_list)


State 191

   51 array_list: array_list_string .
   61 array_list_string: array_list_string . ',' STR_CONST

    ','  shift, and go to state 203

    $default  reduce using rule 51 (array_list)


State 192

   52 array_list: array_list_bool .
   63 array_list_bool: array_list_bool . ',' TRUE
   64                | array_list_bool . ',' FALSE

    ','  shift, and go to state 204

    $default  reduce using rule 52 (array_list)


State 193

   77 eval_function: EVAL '(' expression ')' .

    $default  reduce using rule 77 (eval_function)


State 194

   74 call_function: CALL IDENTIFIER '(' call_params ')' .

    $default  reduce using rule 74 (call_function)


State 195

   41 if_statement: IF '(' expression ')' '{' . code_block '}'
   42             | IF '(' expression ')' '{' . code_block '}' ELSE '{' code_block '}'

    CONST       shift, and go to state 2
    VAR         shift, and go to state 4
    CALL        shift, and go to state 95
    IF          shift, and go to state 96
    WHILE       shift, and go to state 97
    FOR         shift, and go to state 98
    ARR         shift, and go to state 6
    IDENTIFIER  shift, and go to state 99

    code_block            go to state 205
    if_statement          go to state 102
    while_statement       go to state 103
    for_statement         go to state 104
    var_assignment        go to state 105
    array_declaration     go to state 106
    array_assignment      go to state 107
    array_val             go to state 108
    get_container_elem    go to state 109
    container_assignment  go to state 110
    container_function    go to state 111
    var_declaration       go to state 112
    const_declaration     go to state 113
    call_function         go to state 114


State 196

   43 while_statement: WHILE '(' expression ')' '{' . code_block '}'

    CONST       shift, and go to state 2
    VAR         shift, and go to state 4
    CALL        shift, and go to state 95
    IF          shift, and go to state 96
    WHILE       shift, and go to state 97
    FOR         shift, and go to state 98
    ARR         shift, and go to state 6
    IDENTIFIER  shift, and go to state 99

    code_block            go to state 206
    if_statement          go to state 102
    while_statement       go to state 103
    for_statement         go to state 104
    var_assignment        go to state 105
    array_declaration     go to state 106
    array_assignment      go to state 107
    array_val             go to state 108
    get_container_elem    go to state 109
    container_assignment  go to state 110
    container_function    go to state 111
    var_declaration       go to state 112
    const_declaration     go to state 113
    call_function         go to state 114


State 197

   44 for_statement: FOR '(' var_assignment ';' expression . ';' var_assignment ')' '{' code_block '}'
   88 expression: expression . '+' expression
   89           | expression . '-' expression
   90           | expression . '*' expression
   91           | expression . '/' expression
   92           | expression . '%' expression
   96           | expression . LT expression
   97           | expression . GT expression
   98           | expression . LTE expression
   99           | expression . GTE expression
  100           | expression . EQUALITY expression
  101           | expression . INEQUALITY
  102           | expression . AND expression
  103           | expression . OR expression

    AND         shift, and go to state 78
    OR          shift, and go to state 79
    EQUALITY    shift, and go to state 80
    INEQUALITY  shift, and go to state 81
    LT          shift, and go to state 82
    GT          shift, and go to state 83
    LTE         shift, and go to state 84
    GTE         shift, and go to state 85
    '+'         shift, and go to state 86
    '-'         shift, and go to state 87
    '*'         shift, and go to state 88
    '/'         shift, and go to state 89
    '%'         shift, and go to state 90
    ';'         shift, and go to state 207


State 198

   79 call_params: call_params ',' call_param .

    $default  reduce using rule 79 (call_params)


State 199

   46 array_declaration: ARR types IDENTIFIER '[' INT_CONST ']' '=' '{' array_list '}' .

    $default  reduce using rule 46 (array_declaration)


State 200

   55 array_list_int: array_list_int ',' . INT_CONST

    INT_CONST  shift, and go to state 208


State 201

   57 array_list_float: array_list_float ',' . FLOAT_CONST

    FLOAT_CONST  shift, and go to state 209


State 202

   59 array_list_char: array_list_char ',' . CHAR_CONST

    CHAR_CONST  shift, and go to state 210


State 203

   61 array_list_string: array_list_string ',' . STR_CONST

    STR_CONST  shift, and go to state 211


State 204

   63 array_list_bool: array_list_bool ',' . TRUE
   64                | array_list_bool ',' . FALSE

    TRUE   shift, and go to state 212
    FALSE  shift, and go to state 213


State 205

   41 if_statement: IF '(' expression ')' '{' code_block . '}'
   42             | IF '(' expression ')' '{' code_block . '}' ELSE '{' code_block '}'

    '}'  shift, and go to state 214


State 206

   43 while_statement: WHILE '(' expression ')' '{' code_block . '}'

    '}'  shift, and go to state 215


State 207

   44 for_statement: FOR '(' var_assignment ';' expression ';' . var_assignment ')' '{' code_block '}'

    IDENTIFIER  shift, and go to state 162

    var_assignment  go to state 216


State 208

   55 array_list_int: array_list_int ',' INT_CONST .

    $default  reduce using rule 55 (array_list_int)


State 209

   57 array_list_float: array_list_float ',' FLOAT_CONST .

    $default  reduce using rule 57 (array_list_float)


State 210

   59 array_list_char: array_list_char ',' CHAR_CONST .

    $default  reduce using rule 59 (array_list_char)


State 211

   61 array_list_string: array_list_string ',' STR_CONST .

    $default  reduce using rule 61 (array_list_string)


State 212

   63 array_list_bool: array_list_bool ',' TRUE .

    $default  reduce using rule 63 (array_list_bool)


State 213

   64 array_list_bool: array_list_bool ',' FALSE .

    $default  reduce using rule 64 (array_list_bool)


State 214

   41 if_statement: IF '(' expression ')' '{' code_block '}' .
   42             | IF '(' expression ')' '{' code_block '}' . ELSE '{' code_block '}'

    ELSE  shift, and go to state 217

    $default  reduce using rule 41 (if_statement)


State 215

   43 while_statement: WHILE '(' expression ')' '{' code_block '}' .

    $default  reduce using rule 43 (while_statement)


State 216

   44 for_statement: FOR '(' var_assignment ';' expression ';' var_assignment . ')' '{' code_block '}'

    ')'  shift, and go to state 218


State 217

   42 if_statement: IF '(' expression ')' '{' code_block '}' ELSE . '{' code_block '}'

    '{'  shift, and go to state 219


State 218

   44 for_statement: FOR '(' var_assignment ';' expression ';' var_assignment ')' . '{' code_block '}'

    '{'  shift, and go to state 220


State 219

   42 if_statement: IF '(' expression ')' '{' code_block '}' ELSE '{' . code_block '}'

    CONST       shift, and go to state 2
    VAR         shift, and go to state 4
    CALL        shift, and go to state 95
    IF          shift, and go to state 96
    WHILE       shift, and go to state 97
    FOR         shift, and go to state 98
    ARR         shift, and go to state 6
    IDENTIFIER  shift, and go to state 99

    code_block            go to state 221
    if_statement          go to state 102
    while_statement       go to state 103
    for_statement         go to state 104
    var_assignment        go to state 105
    array_declaration     go to state 106
    array_assignment      go to state 107
    array_val             go to state 108
    get_container_elem    go to state 109
    container_assignment  go to state 110
    container_function    go to state 111
    var_declaration       go to state 112
    const_declaration     go to state 113
    call_function         go to state 114


State 220

   44 for_statement: FOR '(' var_assignment ';' expression ';' var_assignment ')' '{' . code_block '}'

    CONST       shift, and go to state 2
    VAR         shift, and go to state 4
    CALL        shift, and go to state 95
    IF          shift, and go to state 96
    WHILE       shift, and go to state 97
    FOR         shift, and go to state 98
    ARR         shift, and go to state 6
    IDENTIFIER  shift, and go to state 99

    code_block            go to state 222
    if_statement          go to state 102
    while_statement       go to state 103
    for_statement         go to state 104
    var_assignment        go to state 105
    array_declaration     go to state 106
    array_assignment      go to state 107
    array_val             go to state 108
    get_container_elem    go to state 109
    container_assignment  go to state 110
    container_function    go to state 111
    var_declaration       go to state 112
    const_declaration     go to state 113
    call_function         go to state 114


State 221

   42 if_statement: IF '(' expression ')' '{' code_block '}' ELSE '{' code_block . '}'

    '}'  shift, and go to state 223


State 222

   44 for_statement: FOR '(' var_assignment ';' expression ';' var_assignment ')' '{' code_block . '}'

    '}'  shift, and go to state 224


State 223

   42 if_statement: IF '(' expression ')' '{' code_block '}' ELSE '{' code_block '}' .

    $default  reduce using rule 42 (if_statement)


State 224

   44 for_statement: FOR '(' var_assignment ';' expression ';' var_assignment ')' '{' code_block '}' .

    $default  reduce using rule 44 (for_statement)
